Thu Jul 28 2016 13:37:10 GMT-0400 (EDT): GET /about
Thu Jul 28 2016 13:37:11 GMT-0400 (EDT): GET /favicon.ico
Thu Jul 28 2016 13:42:16 GMT-0400 (EDT): GET /about
Thu Jul 28 2016 13:42:21 GMT-0400 (EDT): GET /
Thu Jul 28 2016 13:43:41 GMT-0400 (EDT): GET /help.html
Thu Jul 28 2016 13:43:46 GMT-0400 (EDT): GET /
Thu Jul 28 2016 13:46:17 GMT-0400 (EDT): GET /
Thu Jul 28 2016 13:46:42 GMT-0400 (EDT): GET /
Thu Jul 28 2016 13:46:45 GMT-0400 (EDT): GET /about
Mon Aug 01 2016 09:26:30 GMT-0400 (EDT): GET /
Mon Aug 01 2016 09:26:31 GMT-0400 (EDT): GET /favicon.ico
Mon Jan 14 2019 10:57:02 GMT+0200 (Israel Standard Time): GET /
Mon Jan 14 2019 10:57:02 GMT+0200 (Israel Standard Time): GET /favicon.ico
Mon Jan 14 2019 12:09:13 GMT+0200 (Israel Standard Time): GET /
Mon Jan 14 2019 12:09:43 GMT+0200 (Israel Standard Time): GET /projects
Mon Jan 14 2019 12:09:44 GMT+0200 (Israel Standard Time): GET /about
Mon Jan 14 2019 12:09:45 GMT+0200 (Israel Standard Time): GET /
Mon Jan 14 2019 12:09:46 GMT+0200 (Israel Standard Time): GET /projects
Mon Jan 14 2019 12:17:16 GMT+0200 (Israel Standard Time): GET /projects
Mon Jan 14 2019 12:17:19 GMT+0200 (Israel Standard Time): GET /projects
Mon Jan 14 2019 12:17:19 GMT+0200 (Israel Standard Time): GET /projects
Mon Jan 14 2019 12:17:20 GMT+0200 (Israel Standard Time): GET /projects
Mon Jan 14 2019 12:17:20 GMT+0200 (Israel Standard Time): GET /projects
Mon Jan 14 2019 12:17:21 GMT+0200 (Israel Standard Time): GET /projects
Mon Jan 14 2019 12:17:21 GMT+0200 (Israel Standard Time): GET /about
Mon Jan 14 2019 12:17:22 GMT+0200 (Israel Standard Time): GET /
Mon Jan 14 2019 12:17:23 GMT+0200 (Israel Standard Time): GET /projects
Mon Jan 14 2019 12:17:24 GMT+0200 (Israel Standard Time): GET /projects
Mon Jan 14 2019 12:17:25 GMT+0200 (Israel Standard Time): GET /projects
Mon Jan 14 2019 12:17:25 GMT+0200 (Israel Standard Time): GET /projects
Mon Jan 14 2019 12:17:41 GMT+0200 (Israel Standard Time): GET /projects
Mon Jan 14 2019 12:17:43 GMT+0200 (Israel Standard Time): GET /projects
Mon Jan 14 2019 12:17:43 GMT+0200 (Israel Standard Time): GET /projects
Mon Jan 14 2019 12:17:44 GMT+0200 (Israel Standard Time): GET /projects
Mon Jan 14 2019 12:17:46 GMT+0200 (Israel Standard Time): GET /projects
Mon Jan 14 2019 12:17:46 GMT+0200 (Israel Standard Time): GET /projects
Mon Jan 14 2019 12:17:47 GMT+0200 (Israel Standard Time): GET /about
Mon Jan 14 2019 12:17:48 GMT+0200 (Israel Standard Time): GET /
Mon Jan 14 2019 12:17:49 GMT+0200 (Israel Standard Time): GET /projects
Mon Jan 14 2019 12:17:51 GMT+0200 (Israel Standard Time): GET /about
Mon Jan 14 2019 12:17:52 GMT+0200 (Israel Standard Time): GET /
Mon Jan 14 2019 12:17:52 GMT+0200 (Israel Standard Time): GET /projects
Mon Jan 14 2019 12:19:44 GMT+0200 (Israel Standard Time): GET /projects
Mon Jan 14 2019 12:19:45 GMT+0200 (Israel Standard Time): GET /projects
Mon Jan 14 2019 12:19:45 GMT+0200 (Israel Standard Time): GET /projects
Mon Jan 14 2019 12:19:46 GMT+0200 (Israel Standard Time): GET /projects
Mon Jan 14 2019 12:19:46 GMT+0200 (Israel Standard Time): GET /projects
Mon Jan 14 2019 12:19:46 GMT+0200 (Israel Standard Time): GET /projects
Mon Jan 14 2019 12:19:47 GMT+0200 (Israel Standard Time): GET /projects
Mon Jan 14 2019 12:19:48 GMT+0200 (Israel Standard Time): GET /projects
Mon Jan 14 2019 12:19:48 GMT+0200 (Israel Standard Time): GET /projects
Mon Jan 14 2019 12:20:18 GMT+0200 (Israel Standard Time): GET /projects
